2014-7-21 09:50:09 364  modulefile=C:\Users\xiaoguang01\AppData\Local\liebao\4.5.34.6784\uninst.exe,installPath=C:\Users\xiaoguang01\AppData\Local\liebao\
2014-7-21 09:50:09 473  RunApp szPath=C:\Users\XIAOGU~1\AppData\Local\Temp\uninst.exe,szCmd=dllhost.exe,dwWaitTime=0,bShow=1,bWaitTimeTermination=0

2014-7-21 09:50:12 298  RunApp bRet=1

2014-7-21 09:50:12 345  modulefile=C:\Users\XIAOGU~1\AppData\Local\Temp\uninst.exe,installPath=C:\Users\xiaoguang01\AppData\Local\liebao\
2014-7-21 09:50:20 446  RealDownloadUninstallConfigFunc start
2014-7-21 09:50:41 523  DeleteShortcut begin!!
2014-7-21 09:50:41 523  CreateShellLink start...
2014-7-21 09:50:41 538  Save = 0x80070002
2014-7-21 09:50:41 554  URLDownloadToFile start 0x800c0005
2014-7-21 09:50:41 554  RealDownloadUninstallConfigFunc end
2014-7-21 09:50:42 767  ShellExecute ret=0x2a

2014-7-21 09:50:43 405  ShellExecute ret=0x2a

2014-7-21 09:50:43 421  DeleteShortcut end!!
2014-7-21 09:50:43 421  DeleteProductFile begin!!
2014-7-21 09:50:43 436  File C Not Exits
2014-7-21 09:50:43 436  DeleteProductFile end!!
2014-7-21 09:50:43 436  StopSvr begin!!
2014-7-21 09:50:43 436  StopSvr = C:\Users\xiaoguang01\AppData\Local\liebao\4.5.34.6784 

2014-7-21 09:50:43 436  GetDebugPrivilege bRet=1,code=0

2014-7-21 09:50:43 436  KillProcessByPath Begin

2014-7-21 09:50:43 436  KillProcessByPath path:\Device\HarddiskVolume1\Users\xiaoguang01\AppData\Local\liebao\4.5.34.6784\knbcenter.exe
2014-7-21 09:50:43 468  Terminate process WaitForSingleObject WAIT_OBJECT_0
2014-7-21 09:50:43 483  KillProcessByPath End

2014-7-21 09:50:43 483  StopSvr dwcode=0
2014-7-21 09:50:43 483  StopSvr end!!
2014-7-21 09:50:43 483  RunApp szPath=C:\Users\xiaoguang01\AppData\Local\liebao\4.5.34.6784\Module\qqdl\Tencentdl.exe,szCmd=/uninstall,dwWaitTime=0,bShow=1,bWaitTimeTermination=0

2014-7-21 09:50:45 552  ClearBDHDFolder begin!!
2014-7-21 09:50:45 552  ClearBDHDFolder end!!
